-------------------------------------------------------------------------------
Test set: teachers.TeacherResourceTest
-------------------------------------------------------------------------------
Tests run: 1, Failures: 1, Errors: 0, Skipped: 0, Time elapsed: 8.584 s <<< FAILURE! - in teachers.TeacherResourceTest
testHelloEndpoint  Time elapsed: 3.526 s  <<< FAILURE!
java.lang.AssertionError: 
1 expectation failed.
Response body doesn't match expectation.
Expected: is "hello"
  Actual: [{"id":"https://vikoeif.edupage.org/timetable/view.php?teacher=-1096","short":"doc. R. Tumasonis"},{"id":"https://vikoeif.edupage.org/timetable/view.php?teacher=-1095","short":"Lekt. M. Motiejūnė"},{"id":"https://vikoeif.edupage.org/timetable/view.php?teacher=-999","short":"Lekt. A. Danilevičiūtė"},{"id":"https://vikoeif.edupage.org/timetable/view.php?teacher=-1010","short":"Lekt. A. Kirdeikienė"},{"id":"https://vikoeif.edupage.org/timetable/view.php?teacher=-1014","short":"Doc. A. Kozič"},{"id":"https://vikoeif.edupage.org/timetable/view.php?teacher=-1024","short":"Doc. A. Lučun"},{"id":"https://vikoeif.edupage.org/timetable/view.php?teacher=-1032","short":"Lekt. A. Morkūnienė"},{"id":"https://vikoeif.edupage.org/timetable/view.php?teacher=-1035","short":"Lekt. A. Netikšienė"},{"id":"https://vikoeif.edupage.org/timetable/view.php?teacher=-1042","short":"Lekt. A. Savickaitė"},{"id":"https://vikoeif.edupage.org/timetable/view.php?teacher=-1044","short":"Lekt. A. Slimanavičienė"},{"id":"https://vikoeif.edupage.org/timetable/view.php?teacher=-1055","short":"Doc. A. Žemgulis"},{"id":"https://vikoeif.edupage.org/timetable/view.php?teacher=-1061","short":"Asist. T. Kasperavičius"},{"id":"https://vikoeif.edupage.org/timetable/view.php?teacher=-1072","short":"Lekt. D. Matusevičus"},{"id":"https://vikoeif.edupage.org/timetable/view.php?teacher=-1073","short":"Lekt. D. Neverbickaitė"},{"id":"https://vikoeif.edupage.org/timetable/view.php?teacher=-1043","short":"Lekt. D. Savulionis"},{"id":"https://vikoeif.edupage.org/timetable/view.php?teacher=-1074","short":"Doc. B. Pliuskuvienė"},{"id":"https://vikoeif.edupage.org/timetable/view.php?teacher=-1058","short":"doc. G. Bražiūnas"},{"id":"https://vikoeif.edupage.org/timetable/view.php?teacher=-1046","short":"Doc. I. Šileikienė"},{"id":"https://vikoeif.edupage.org/timetable/view.php?teacher=-1075","short":"Doc. N. Pozniak"},{"id":"https://vikoeif.edupage.org/timetable/view.php?teacher=-1004","short":"Lekt. E. Garla"},{"id":"https://vikoeif.edupage.org/timetable/view.php?teacher=-1076","short":"Doc. E. Mačerauskas"},{"id":"https://vikoeif.edupage.org/timetable/view.php?teacher=-1021","short":"Lekt. I. Liušicyna"},{"id":"https://vikoeif.edupage.org/timetable/view.php?teacher=-998","short":"Lekt. J. Čivilis"},{"id":"https://vikoeif.edupage.org/timetable/view.php?teacher=-1000","short":"Lekt. J. Daukševič"},{"id":"https://vikoeif.edupage.org/timetable/view.php?teacher=-1008","short":"Lekt. J. Helsvig"},{"id":"https://vikoeif.edupage.org/timetable/view.php?teacher=-1063","short":"Lekt. J. Liutvinavičienė"},{"id":"https://vikoeif.edupage.org/timetable/view.php?teacher=-1026","short":"Lekt. J. Mačėnienė"},{"id":"https://vikoeif.edupage.org/timetable/view.php?teacher=-1077","short":"Doc. L. Gžegoževskė"},{"id":"https://vikoeif.edupage.org/timetable/view.php?teacher=-1029","short":"Lekt. L. Mažeiko"},{"id":"https://vikoeif.edupage.org/timetable/view.php?teacher=-1067","short":"Lekt. dr. A. Usovaitė"},{"id":"https://vikoeif.edupage.org/timetable/view.php?teacher=-1078","short":"Lekt. dr. T. Butvilas"},{"id":"https://vikoeif.edupage.org/timetable/view.php?teacher=-1059","short":"Lekt. G. Dmitrijev"},{"id":"https://vikoeif.edupage.org/timetable/view.php?teacher=-1079","short":"Lekt. G. Mečėjienė"},{"id":"https://vikoeif.edupage.org/timetable/view.php?teacher=-1080","short":"Lekt. J. Naujalienė"},{"id":"https://vikoeif.edupage.org/timetable/view.php?teacher=-1081","short":"Lekt. J. Vaičiulytė"},{"id":"https://vikoeif.edupage.org/timetable/view.php?teacher=-1065","short":"Lekt. J. Vasaitienė"},{"id":"https://vikoeif.edupage.org/timetable/view.php?teacher=-1086","short":"Lekt. J. Zailskas"},{"id":"https://vikoeif.edupage.org/timetable/view.php?teacher=-1030","short":"Lekt. K. Mečinskaitė-Stankevič"},{"id":"https://vikoeif.edupage.org/timetable/view.php?teacher=-1013","short":"Lekt. M. Kiškytė"},{"id":"https://vikoeif.edupage.org/timetable/view.php?teacher=-1087","short":"Lekt. M. Motiejūnaitė"},{"id":"https://vikoeif.edupage.org/timetable/view.php?teacher=-1088","short":"Lekt. M. Šapurov"},{"id":"https://vikoeif.edupage.org/timetable/view.php?teacher=-1089","short":"Lekt. P. Šakalys"},{"id":"https://vikoeif.edupage.org/timetable/view.php?teacher=-1090","short":"Lekt. R. Trimailovienė"},{"id":"https://vikoeif.edupage.org/timetable/view.php?teacher=-1091","short":"Lekt. S. Lideikė"},{"id":"https://vikoeif.edupage.org/timetable/view.php?teacher=-1092","short":"Lekt. S. Volosevičius"},{"id":"https://vikoeif.edupage.org/timetable/view.php?teacher=-1093","short":"Lekt. T. Silvanavičius"},{"id":"https://vikoeif.edupage.org/timetable/view.php?teacher=-1094","short":"Lekt. V. Gegužienė"},{"id":"https://vikoeif.edupage.org/timetable/view.php?teacher=-1085","short":"Lekt. V. Gudžiūnaitė"},{"id":"https://vikoeif.edupage.org/timetable/view.php?teacher=-1028","short":"Lekt. V. Matutis"},{"id":"https://vikoeif.edupage.org/timetable/view.php?teacher=-1083","short":"Lekt. V. Valukonis"},{"id":"https://vikoeif.edupage.org/timetable/view.php?teacher=-992","short":"Lekt. M. Baltramaitienė"},{"id":"https://vikoeif.edupage.org/timetable/view.php?teacher=-1007","short":"Lekt. M. Gžegoževskis"},{"id":"https://vikoeif.edupage.org/timetable/view.php?teacher=-1020","short":"Doc. M. Liogys"},{"id":"https://vikoeif.edupage.org/timetable/view.php?teacher=-1050","short":"Lekt. M. R. Urbonavičius"},{"id":"https://vikoeif.edupage.org/timetable/view.php?teacher=-1084","short":"Lekt. O. Gibavičienė"},{"id":"https://vikoeif.edupage.org/timetable/view.php?teacher=-1031","short":"Lekt. R. Mikonienė"},{"id":"https://vikoeif.edupage.org/timetable/view.php?teacher=-995","short":"Lekt. S. Bučys"},{"id":"https://vikoeif.edupage.org/timetable/view.php?teacher=-1015","short":"Doc. S. Kubilinskienė"},{"id":"https://vikoeif.edupage.org/timetable/view.php?teacher=-1018","short":"Lekt. S. Levickienė"},{"id":"https://vikoeif.edupage.org/timetable/view.php?teacher=-1082","short":"Doc. dr. T. Liogienė"},{"id":"https://vikoeif.edupage.org/timetable/view.php?teacher=-993","short":"Lekt. V. Baltrūnienė"},{"id":"https://vikoeif.edupage.org/timetable/view.php?teacher=-1009","short":"Lekt. V. Judickaitė-Žukovskė"},{"id":"https://vikoeif.edupage.org/timetable/view.php?teacher=-1016","short":"Lekt. V. Kuklierius"},{"id":"https://vikoeif.edupage.org/timetable/view.php?teacher=-1023","short":"Lekt. V. Liubinas"},{"id":"https://vikoeif.edupage.org/timetable/view.php?teacher=-1034","short":"Lekt. V. Netikša"}]

	at teachers.TeacherResourceTest.testHelloEndpoint(TeacherResourceTest.java:18)

